{"/Users/riannalei/Downloads/csc-307-app/CSC307-DoMore/307-DoMore-App/packages/react-frontend/src/NewTask.jsx": {"path":"/Users/riannalei/Downloads/csc-307-app/CSC307-DoMore/307-DoMore-App/packages/react-frontend/src/NewTask.jsx","statementMap":{"0":{"start":{"line":4,"column":16},"end":{"line":94,"column":1}},"1":{"start":{"line":5,"column":26},"end":{"line":9,"column":4}},"2":{"start":{"line":12,"column":28},"end":{"line":12,"column":40}},"3":{"start":{"line":13,"column":4},"end":{"line":16,"column":8}},"4":{"start":{"line":13,"column":27},"end":{"line":16,"column":5}},"5":{"start":{"line":20,"column":4},"end":{"line":22,"column":5}},"6":{"start":{"line":21,"column":6},"end":{"line":21,"column":25}},"7":{"start":{"line":23,"column":4},"end":{"line":23,"column":60}},"8":{"start":{"line":26,"column":2},"end":{"line":93,"column":4}},"9":{"start":{"line":96,"column":0},"end":{"line":98,"column":2}}},"fnMap":{"0":{"name":"(anonymous_0)","decl":{"start":{"line":4,"column":16},"end":{"line":4,"column":17}},"loc":{"start":{"line":4,"column":38},"end":{"line":94,"column":1}},"line":4},"1":{"name":"handleChange","decl":{"start":{"line":11,"column":11},"end":{"line":11,"column":23}},"loc":{"start":{"line":11,"column":31},"end":{"line":17,"column":3}},"line":11},"2":{"name":"(anonymous_2)","decl":{"start":{"line":13,"column":12},"end":{"line":13,"column":13}},"loc":{"start":{"line":13,"column":27},"end":{"line":16,"column":5}},"line":13},"3":{"name":"submitForm","decl":{"start":{"line":19,"column":11},"end":{"line":19,"column":21}},"loc":{"start":{"line":19,"column":24},"end":{"line":24,"column":3}},"line":19}},"branchMap":{"0":{"loc":{"start":{"line":20,"column":4},"end":{"line":22,"column":5}},"type":"if","locations":[{"start":{"line":20,"column":4},"end":{"line":22,"column":5}},{"start":{},"end":{}}],"line":20}},"s":{"0":1,"1":10,"2":6,"3":6,"4":6,"5":1,"6":1,"7":1,"8":10,"9":1},"f":{"0":10,"1":6,"2":6,"3":1},"b":{"0":[1,0]},"_coverageSchema":"1a1c01bbd47fc00a2c39e90264f33305004495a9","hash":"5d4d73adc4324d6608648b92c23664be9cfc108f"}
}
